-------------------------------------------------------------------------------
Test set: com.cg.tmssprint5.TmsSprint5ApplicationTests
-------------------------------------------------------------------------------
Tests run: 1, Failures: 0, Errors: 1, Skipped: 0, Time elapsed: 2.159 s <<< FAILURE! - in com.cg.tmssprint5.TmsSprint5ApplicationTests
initializationError(com.cg.tmssprint5.TmsSprint5ApplicationTests)  Time elapsed: 0.019 s  <<< ERROR!
java.lang.IllegalStateException: Unable to find a @SpringBootConfiguration, you need to use @ContextConfiguration or @SpringBootTest(classes=...) with your test

